\BOOKMARK [1][-]{section.1}{\376\377\225\356\230\230\200\314\146\157\116\016\221\315\217\360}{}% 1
\BOOKMARK [2][-]{subsection.1.1}{\376\377\225\356\230\230\200\314\146\157}{section.1}% 2
\BOOKMARK [2][-]{subsection.1.2}{\376\377\225\356\230\230\221\315\217\360}{section.1}% 3
\BOOKMARK [1][-]{section.2}{\376\377\225\356\230\230\122\006\147\220}{}% 4
\BOOKMARK [2][-]{subsection.2.1}{\376\377\225\356\230\230\116\000\122\006\147\220}{section.2}% 5
\BOOKMARK [2][-]{subsection.2.2}{\376\377\225\356\230\230\116\214\122\006\147\220}{section.2}% 6
\BOOKMARK [2][-]{subsection.2.3}{\376\377\225\356\230\230\116\011\122\006\147\220}{section.2}% 7
\BOOKMARK [2][-]{subsection.2.4}{\376\377\225\356\230\230\126\333\122\006\147\220}{section.2}% 8
\BOOKMARK [1][-]{section.3}{\376\377\152\041\127\213\166\204\120\107\213\276}{}% 9
\BOOKMARK [1][-]{section.4}{\376\377\173\046\123\367\213\364\146\016}{}% 10
\BOOKMARK [1][-]{section.5}{\376\377\152\041\127\213\166\204\136\372\172\313\116\016\154\102\211\343}{}% 11
\BOOKMARK [2][-]{subsection.5.1}{\376\377\145\160\143\156\166\204\230\204\131\004\164\006}{section.5}% 12
\BOOKMARK [2][-]{subsection.5.2}{\376\377\225\356\230\230\116\000\166\204\152\041\127\213\136\372\172\313\116\016\154\102\211\343}{section.5}% 13
\BOOKMARK [3][-]{subsubsection.5.2.1}{\376\377\116\011\153\041\150\067\147\141\143\322\120\074}{subsection.5.2}% 14
\BOOKMARK [3][-]{subsubsection.5.2.2}{\376\377\145\160\143\156\123\357\211\306\123\026}{subsection.5.2}% 15
\BOOKMARK [3][-]{subsubsection.5.2.3}{\376\377\166\370\121\163\140\047\213\241\173\227\116\016\153\324\217\203}{subsection.5.2}% 16
\BOOKMARK [3][-]{subsubsection.5.2.4}{\376\377\176\331\133\232\155\113\213\325\176\323\147\234\122\006\147\220}{subsection.5.2}% 17
\BOOKMARK [2][-]{subsection.5.3}{\376\377\225\356\230\230\116\214\166\204\152\041\127\213\136\372\172\313\116\016\154\102\211\343}{section.5}% 18
\BOOKMARK [3][-]{subsubsection.5.3.1}{\376\377\143\247\122\066\123\330\221\317\154\325}{subsection.5.3}% 19
\BOOKMARK [3][-]{subsubsection.5.3.2}{\376\377\133\371\161\147\133\236\232\214}{subsection.5.3}% 20
\BOOKMARK [3][-]{subsubsection.5.3.3}{\376\377\126\336\137\122\142\337\124\010}{subsection.5.3}% 21
\BOOKMARK [3][-]{subsubsection.5.3.4}{\376\377\176\323\213\272}{subsection.5.3}% 22
\BOOKMARK [2][-]{subsection.5.4}{\376\377\225\356\230\230\116\011\166\204\152\041\127\213\136\372\172\313\116\016\154\102\211\343}{section.5}% 23
\BOOKMARK [3][-]{subsubsection.5.4.1}{\376\377\147\000\117\030\120\074\143\320\123\326}{subsection.5.4}% 24
\BOOKMARK [3][-]{subsubsection.5.4.2}{\376\377\155\361\121\145\122\006\147\220\116\016\152\041\127\213\147\204\136\372}{subsection.5.4}% 25
\BOOKMARK [2][-]{subsection.5.5}{\376\377\225\356\230\230\126\333}{section.5}% 26
\BOOKMARK [1][-]{section.6}{\376\377\152\041\127\213\166\204\213\304\116\367}{}% 27
\BOOKMARK [2][-]{subsection.6.1}{\376\377\152\041\127\213\166\204\117\030\160\271}{section.6}% 28
\BOOKMARK [2][-]{subsection.6.2}{\376\377\152\041\127\213\166\204\177\072\160\271}{section.6}% 29
\BOOKMARK [2][-]{subsection.6.3}{\376\377\152\041\127\213\166\204\143\250\136\177}{section.6}% 30
\BOOKMARK [1][-]{appendix.A}{\376\377\116\343\170\001\172\013\136\217}{}% 31
\BOOKMARK [1][-]{appendix.B}{\376\377\213\346\176\306\126\376\210\150}{}% 32
